┌─────────────┬──────────────┬─────────────────┬──────────────────┐
│     Variant │ Runtime (ms) │ FLOPS (GFLOP/s) │ Bandwidth (GB/s) │
├─────────────┼──────────────┼─────────────────┼──────────────────┤
│   Broadcast │      4.95202 │         216.829 │          1300.97 │
│ CUDA kernel │      4.78732 │         224.289 │          1345.73 │
│      CUBLAS │      5.04361 │         212.891 │          1277.35 │
└─────────────┴──────────────┴─────────────────┴──────────────────┘
Theoretical Memory Bandwidth of NVIDIA A100: 1555 GB/s

============================= JOB FEEDBACK =============================

NodeName=uc2n561
Job ID: 3245336
Cluster: uc3
User/Group: ka_rx8865/ka_scc
State: COMPLETED (exit code 0)
Nodes: 1
Cores per node: 4
CPU Utilized: 00:00:34
CPU Efficiency: 17.35% of 00:03:16 core-walltime
Job Wall-clock time: 00:00:49
Memory Utilized: 1.54 GB
Memory Efficiency: 15.37% of 10.00 GB (10.00 GB/node)
