finished n = 32, time: 5.018413543701172e-9 sec bandwidth: 204.0485486265409 GB/s
finished n = 64, time: 8.56247079372406e-9 sec bandwidth: 239.18329759455648 GB/s
finished n = 128, time: 1.618375563621521e-8 sec bandwidth: 253.09329256270857 GB/s
finished n = 160, time: 2.3734789669513704e-8 sec bandwidth: 215.71710014251423 GB/s
finished n = 256, time: 4.1081766903400424e-8 sec bandwidth: 199.4071973404321 GB/s
finished n = 352, time: 4.170436155796051e-8 sec bandwidth: 270.0916541869452 GB/s
finished n = 512, time: 6.125316846370697e-8 sec bandwidth: 267.4800408032388 GB/s
finished n = 736, time: 8.898028153181075e-8 sec bandwidth: 264.68785661888563 GB/s
finished n = 1056, time: 1.2782161366939544e-7 sec bandwidth: 264.3684352741893 GB/s
finished n = 1536, time: 1.8291419583559036e-7 sec bandwidth: 268.71615828100914 GB/s
finished n = 2304, time: 5.381768188476562e-7 sec bandwidth: 136.9958671907615 GB/s
finished n = 3136, time: 7.842122802734375e-7 sec bandwidth: 127.96535137783034 GB/s
finished n = 4352, time: 1.04610009765625e-6 sec bandwidth: 133.12683968963967 GB/s
finished n = 5952, time: 1.4168837280273437e-6 sec bandwidth: 134.42457996548066 GB/s
finished n = 8256, time: 2.591132080078125e-6 sec bandwidth: 101.96006681065612 GB/s
finished n = 11392, time: 3.1888511962890623e-6 sec bandwidth: 114.31828503764241 GB/s
finished n = 15680, time: 3.699199035644531e-6 sec bandwidth: 135.6401737687455 GB/s
finished n = 21568, time: 5.064672180175782e-6 sec bandwidth: 136.272590889791 GB/s
finished n = 29696, time: 7.13348876953125e-6 sec bandwidth: 133.2127982115606 GB/s
finished n = 40960, time: 9.912107177734375e-6 sec bandwidth: 132.2342440913349 GB/s
finished n = 61440, time: 2.54820244140625e-5 sec bandwidth: 77.15556535276687 GB/s
finished n = 88064, time: 5.88596455078125e-5 sec bandwidth: 47.877420526189844 GB/s
finished n = 126208, time: 8.540001953125e-5 sec bandwidth: 47.291043048557555 GB/s
finished n = 180992, time: 0.000122552791015625 sec bandwidth: 47.259176653606985 GB/s
finished n = 259584, time: 0.000175691080078125 sec bandwidth: 47.28007817076567 GB/s
finished n = 372224, time: 0.000251695509765625 sec bandwidth: 47.32372067778046 GB/s
finished n = 533632, time: 0.00036124512109375 sec bandwidth: 47.270462638493036 GB/s
finished n = 765056, time: 0.0005178262529296875 sec bandwidth: 47.278004661776464 GB/s
finished n = 1096960, time: 0.000898723861328125 sec bandwidth: 39.05840437809847 GB/s
finished n = 1572864, time: 0.001780734517578125 sec bandwidth: 28.264543368571974 GB/s
finished n = 2359296, time: 0.00366933475 sec bandwidth: 20.575247870203178 GB/s
finished n = 3652928, time: 0.0059531418125 sec bandwidth: 19.635631013283543 GB/s
finished n = 5656000, time: 0.0095095289375 sec bandwidth: 19.032698800281665 GB/s
finished n = 8757440, time: 0.01482869175 sec bandwidth: 18.89836842821957 GB/s
finished n = 13559488, time: 0.0230887095 sec bandwidth: 18.792891651220266 GB/s
finished n = 20994688, time: 0.0360702613125 sec bandwidth: 18.62559326031775 GB/s
finished n = 32506880, time: 0.05524686725 sec bandwidth: 18.82858181429283 GB/s
finished n = 50331648, time: 0.0879708319375 sec bandwidth: 18.308485898420066 GB/s
L1 bandwidth:	258.73 GB/s
L2 bandwidth:	133.17 GB/s
L3 bandwidth:	47.28 GB/s
Memory bandwidth:	18.86 GB/s
435.096994 seconds (3.34 M allocations: 3.356 GiB, 9.93% gc time, 0.49% compilation time: 16% of which was recompilation)
finished n = 32, time: 1.121762877702713e-8 sec bandwidth: 45.64244460010461 GB/s
finished n = 64, time: 2.0668038725852965e-8 sec bandwidth: 49.545097799682 GB/s
finished n = 128, time: 3.9565913498401644e-8 sec bandwidth: 51.761726671184626 GB/s
finished n = 160, time: 4.9013535916805267e-8 sec bandwidth: 52.23046964710524 GB/s
finished n = 256, time: 7.736403107643127e-8 sec bandwidth: 52.94450073256117 GB/s
finished n = 352, time: 1.1254618918895721e-7 sec bandwidth: 50.04167658261858 GB/s
finished n = 512, time: 1.6023292309045792e-7 sec bandwidth: 51.12557295965504 GB/s
finished n = 736, time: 2.2636683607101441e-7 sec bandwidth: 52.02175461915148 GB/s
finished n = 1056, time: 3.2095149409770964e-7 sec bandwidth: 52.64346890641434 GB/s
finished n = 1536, time: 4.627852047085762e-7 sec bandwidth: 53.104549907717846 GB/s
finished n = 2304, time: 8.454678344726562e-7 sec bandwidth: 43.601895302135524 GB/s
finished n = 3136, time: 1.2564481201171874e-6 sec bandwidth: 39.93479650820771 GB/s
finished n = 4352, time: 1.7421580810546875e-6 sec bandwidth: 39.9688184196496 GB/s
finished n = 5952, time: 2.379019287109375e-6 sec bandwidth: 40.0299402850624 GB/s
finished n = 8256, time: 3.3011602172851564e-6 sec bandwidth: 40.015022387684816 GB/s
finished n = 11392, time: 4.556638549804688e-6 sec bandwidth: 40.00141727454173 GB/s
finished n = 15680, time: 6.30469140625e-6 sec bandwidth: 39.79258996741638 GB/s
finished n = 21568, time: 8.634930908203125e-6 sec bandwidth: 39.96418774725444 GB/s
finished n = 29696, time: 1.2049910766601562e-5 sec bandwidth: 39.43066543836347 GB/s
finished n = 40960, time: 1.7004728088378906e-5 sec bandwidth: 38.53986941713437 GB/s
finished n = 61440, time: 3.197856640625e-5 sec bandwidth: 30.740590041205586 GB/s
finished n = 88064, time: 5.90218828125e-5 sec bandwidth: 23.87290836648113 GB/s
finished n = 126208, time: 8.5112564453125e-5 sec bandwidth: 23.725380770451668 GB/s
finished n = 180992, time: 0.0001247181181640625 sec bandwidth: 23.219336874459394 GB/s
finished n = 259584, time: 0.000177990109375 sec bandwidth: 23.33468985767907 GB/s
finished n = 372224, time: 0.0002568295498046875 sec bandwidth: 23.188858153312477 GB/s
finished n = 533632, time: 0.0003689906884765625 sec bandwidth: 23.139098808295056 GB/s
finished n = 765056, time: 0.00052641784765625 sec bandwidth: 23.253193360558864 GB/s
finished n = 1096960, time: 0.000911263697265625 sec bandwidth: 19.260462205029487 GB/s
finished n = 1572864, time: 0.001961473435546875 sec bandwidth: 12.830061087716725 GB/s
finished n = 2359296, time: 0.0034317224375 sec bandwidth: 10.999938569478203 GB/s
finished n = 3652928, time: 0.0054099774375 sec bandwidth: 10.803528974976434 GB/s
finished n = 5656000, time: 0.0089113965625 sec bandwidth: 10.155086171433076 GB/s
finished n = 8757440, time: 0.0139187133125 sec bandwidth: 10.066953521785887 GB/s
finished n = 13559488, time: 0.021535848 sec bandwidth: 10.07398492039877 GB/s
finished n = 20994688, time: 0.03203877775 sec bandwidth: 10.48463866571814 GB/s
finished n = 32506880, time: 0.0511618554375 sec bandwidth: 10.165973762139517 GB/s
finished n = 50331648, time: 0.0765435810625 sec bandwidth: 10.520887013927982 GB/s
L1 bandwidth:	51.89 GB/s
L2 bandwidth:	39.97 GB/s
L3 bandwidth:	23.24 GB/s
Memory bandwidth:	10.33 GB/s
471.119241 seconds (3.34 M allocations: 3.356 GiB, 9.21% gc time, 0.40% compilation time: 18% of which was recompilation)

============================= JOB FEEDBACK =============================

NodeName=uc2n643
Job ID: 3244410
Cluster: uc3
User/Group: ka_rx8865/ka_scc
State: COMPLETED (exit code 0)
Nodes: 1
Cores per node: 2
CPU Utilized: 00:15:15
CPU Efficiency: 47.56% of 00:32:04 core-walltime
Job Wall-clock time: 00:16:02
Memory Utilized: 1.61 GB
Memory Efficiency: 32.21% of 5.00 GB (5.00 GB/node)
