
AXPY with scheduler = :dynamic

        Memory Bandwidth (GB/s)
┌────────────────┬─────────┬───────────┐
│ # Threads = 12 │ :serial │ :parallel │
├────────────────┼─────────┼───────────┤
│         :cores │   77.53 │     53.77 │
│       :sockets │   43.76 │     73.75 │
│          :numa │   44.62 │    108.45 │
└────────────────┴─────────┴───────────┘


AXPY with scheduler = :static

        Memory Bandwidth (GB/s)
┌────────────────┬─────────┬───────────┐
│ # Threads = 12 │ :serial │ :parallel │
├────────────────┼─────────┼───────────┤
│         :cores │   28.55 │     54.68 │
│       :sockets │    47.1 │     104.3 │
│          :numa │   47.08 │    165.04 │
└────────────────┴─────────┴───────────┘

224.236971 seconds (6.12 M allocations: 566.630 GiB, 4.86% gc time, 2.99% compilation time: 34% of which was recompilation)

============================= JOB FEEDBACK =============================

NodeName=uc2n571
Job ID: 3549894
Cluster: uc3
User/Group: ka_rx8865/ka_scc
State: COMPLETED (exit code 0)
Nodes: 1
Cores per node: 96
CPU Utilized: 00:23:25
CPU Efficiency: 4.24% of 09:12:00 core-walltime
Job Wall-clock time: 00:05:45
Memory Utilized: 92.11 GB
Memory Efficiency: 25.08% of 367.19 GB (367.19 GB/node)
