
        Memory Bandwidth (GB/s)
┌───────────────┬─────────┬───────────┐
│ # Threads = 1 │ :serial │ :parallel │
├───────────────┼─────────┼───────────┤
│        :cores │   13.58 │     20.24 │
│      :sockets │   16.08 │     15.32 │
│         :numa │   19.17 │     19.42 │
└───────────────┴─────────┴───────────┘

        Memory Bandwidth (GB/s)
┌────────────────┬─────────┬───────────┐
│ # Threads = 16 │ :serial │ :parallel │
├────────────────┼─────────┼───────────┤
│         :cores │    74.0 │     74.88 │
│       :sockets │   71.83 │    143.82 │
│          :numa │   70.61 │    230.29 │
└────────────────┴─────────┴───────────┘

        Memory Bandwidth (GB/s)
┌────────────────┬─────────┬───────────┐
│ # Threads = 32 │ :serial │ :parallel │
├────────────────┼─────────┼───────────┤
│         :cores │   76.38 │    150.17 │
│       :sockets │   75.77 │    148.01 │
│          :numa │   86.07 │    279.36 │
└────────────────┴─────────┴───────────┘

        Memory Bandwidth (GB/s)
┌────────────────┬─────────┬───────────┐
│ # Threads = 64 │ :serial │ :parallel │
├────────────────┼─────────┼───────────┤
│         :cores │   81.46 │    295.08 │
│       :sockets │    69.4 │    293.76 │
│          :numa │    74.9 │    293.83 │
└────────────────┴─────────┴───────────┘
335.000072 seconds (5.27 M allocations: 754.825 GiB, 3.30% gc time, 5.47% compilation time: 17% of which was recompilation)
227.590339 seconds (6.88 M allocations: 849.229 GiB, 3.38% gc time, 2.08% compilation time: 60% of which was recompilation)
562.760330 seconds (12.22 M allocations: 1.566 TiB, 3.33% gc time, 4.12% compilation time: 25% of which was recompilation)

============================= JOB FEEDBACK =============================

NodeName=uc2n682
Job ID: 3244632
Cluster: uc3
User/Group: ka_rx8865/ka_scc
State: COMPLETED (exit code 0)
Nodes: 1
Cores per node: 128
CPU Utilized: 02:16:53
CPU Efficiency: 10.57% of 21:34:56 core-walltime
Job Wall-clock time: 00:10:07
Memory Utilized: 62.63 GB
Memory Efficiency: 25.05% of 250.00 GB (1.95 GB/core)
